

Started GET "/" for 127.0.0.1 at 2015-08-03 00:08:58 +0800
Processing by Rails::WelcomeController#index as HTML
  Rendered C:/RailsInstaller/Ruby2.1.0/lib/ruby/gems/2.1.0/gems/railties-4.1.8/lib/rails/templates/rails/welcome/index.html.erb (15.6ms)
Completed 200 OK in 203ms (Views: 109.5ms | ActiveRecord: 0.0ms)


Started GET "/rails/info/properties" for 127.0.0.1 at 2015-08-03 00:09:12 +0800
Processing by Rails::InfoController#properties as HTML
  Rendered C:/RailsInstaller/Ruby2.1.0/lib/ruby/gems/2.1.0/gems/railties-4.1.8/lib/rails/templates/rails/info/properties.html.erb (0.0ms)
Completed 200 OK in 297ms (Views: 46.8ms | ActiveRecord: 46.9ms)


Started GET "/" for 127.0.0.1 at 2015-08-23 10:15:05 +0800
Processing by Rails::WelcomeController#index as HTML
  Rendered C:/RailsInstaller/Ruby2.1.0/lib/ruby/gems/2.1.0/gems/railties-4.1.8/lib/rails/templates/rails/welcome/index.html.erb (15.6ms)
Completed 200 OK in 188ms (Views: 140.7ms | ActiveRecord: 0.0ms)


Started GET "/" for 127.0.0.1 at 2017-05-14 15:58:39 +0800
Processing by Rails::WelcomeController#index as HTML
  Rendered /home/yangbing/.rvm/gems/ruby-2.3.1/gems/railties-4.1.8/lib/rails/templates/rails/welcome/index.html.erb (4.2ms)
Completed 200 OK in 42ms (Views: 24.0ms | ActiveRecord: 0.0ms)


Started GET "/rails/info/properties" for 127.0.0.1 at 2017-05-14 15:58:49 +0800
Processing by Rails::InfoController#properties as */*
  Rendered /home/yangbing/.rvm/gems/ruby-2.3.1/gems/railties-4.1.8/lib/rails/templates/rails/info/properties.html.erb (0.9ms)
Completed 200 OK in 139ms (Views: 43.9ms | ActiveRecord: 54.0ms)


Started GET "/demo" for 127.0.0.1 at 2017-05-14 15:59:08 +0800

ActionController::RoutingError (No route matches [GET] "/demo"):
  actionpack (4.1.8) lib/action_dispatch/middleware/debug_exceptions.rb:21:in `call'
  actionpack (4.1.8) lib/action_dispatch/middleware/show_exceptions.rb:30:in `call'
  railties (4.1.8) lib/rails/rack/logger.rb:38:in `call_app'
  railties (4.1.8) lib/rails/rack/logger.rb:20:in `block in call'
  activesupport (4.1.8) lib/active_support/tagged_logging.rb:68:in `block in tagged'
  activesupport (4.1.8) lib/active_support/tagged_logging.rb:26:in `tagged'
  activesupport (4.1.8) lib/active_support/tagged_logging.rb:68:in `tagged'
  railties (4.1.8) lib/rails/rack/logger.rb:20:in `call'
  actionpack (4.1.8) lib/action_dispatch/middleware/request_id.rb:21:in `call'
  rack (1.5.5) lib/rack/methodoverride.rb:21:in `call'
  rack (1.5.5) lib/rack/runtime.rb:17:in `call'
  activesupport (4.1.8) lib/active_support/cache/strategy/local_cache_middleware.rb:26:in `call'
  rack (1.5.5) lib/rack/lock.rb:17:in `call'
  actionpack (4.1.8) lib/action_dispatch/middleware/static.rb:84:in `call'
  rack (1.5.5) lib/rack/sendfile.rb:112:in `call'
  railties (4.1.8) lib/rails/engine.rb:514:in `call'
  railties (4.1.8) lib/rails/application.rb:144:in `call'
  rack (1.5.5) lib/rack/lock.rb:17:in `call'
  rack (1.5.5) lib/rack/content_length.rb:14:in `call'
  rack (1.5.5) lib/rack/handler/webrick.rb:60:in `service'
  /home/yangbing/.rvm/rubies/ruby-2.3.1/lib/ruby/2.3.0/webrick/httpserver.rb:140:in `service'
  /home/yangbing/.rvm/rubies/ruby-2.3.1/lib/ruby/2.3.0/webrick/httpserver.rb:96:in `run'
  /home/yangbing/.rvm/rubies/ruby-2.3.1/lib/ruby/2.3.0/webrick/server.rb:296:in `block in start_thread'


  Rendered /home/yangbing/.rvm/gems/ruby-2.3.1/gems/actionpack-4.1.8/lib/action_dispatch/middleware/templates/rescues/_trace.html.erb (1.1ms)
  Rendered /home/yangbing/.rvm/gems/ruby-2.3.1/gems/actionpack-4.1.8/lib/action_dispatch/middleware/templates/routes/_table.html.erb (13.3ms)
  Rendered /home/yangbing/.rvm/gems/ruby-2.3.1/gems/actionpack-4.1.8/lib/action_dispatch/middleware/templates/rescues/routing_error.html.erb within rescues/layout (41.6ms)
